<?xml version="1.0" encoding="UTF-8"?>
<!-- Generated by org.testng.reporters.JUnitReportReporter -->
<testsuite hostname="BRILAP1418" failures="0" tests="1" name="com.brillio.phone.Runcalc" time="2.947" errors="0" timestamp="2021-07-09T14:35:03 IST" skipped="0">
  <testcase classname="com.brillio.phone.Runcalc" name="testCalculator" time="2.947"/>
  <system-out/>
</testsuite> <!-- com.brillio.phone.Runcalc -->
