<?xml version="1.0" encoding="UTF-8"?>
<!-- Generated by org.testng.reporters.JUnitReportReporter -->
<testsuite hostname="BRILAP1418" failures="0" tests="1" name="com.brillio.phone.RunCamera" time="3.019" errors="0" timestamp="2021-07-09T14:37:00 IST" skipped="0">
  <testcase classname="com.brillio.phone.RunCamera" name="testCalculator" time="3.019"/>
  <system-out/>
</testsuite> <!-- com.brillio.phone.RunCamera -->
